[STEP] [2022-07-22 19:25:18] Looking for PHP CLI executable file.
[WARN] [2022-07-22 19:25:18] Could not find proper PHP CLI executable, this process may be unstable.
[WARN] [2022-07-22 19:25:18] PHP CLI file cannot be executed due to unknown reason.
[STEP] [2022-07-22 19:25:18] Initializing backup...
[INFO] [2022-07-22 19:25:18] Backup & Migration version: 1.2.1
[INFO] [2022-07-22 19:25:18] Site which will be backed up: http://localhost/complete
[INFO] [2022-07-22 19:25:18] PHP Version: 7.4.19
[INFO] [2022-07-22 19:25:18] WP Version: 6.0.1
[INFO] [2022-07-22 19:25:18] MySQL Version: 5.7.24
[INFO] [2022-07-22 19:25:18] MySQL Max Length: 536870912
[INFO] [2022-07-22 19:25:18] Web server: Apache/2.4.35 (Win64) OpenSSL/1.1.1k PHP/7.4.19
[INFO] [2022-07-22 19:25:18] Max execution time (in seconds): 259200
[INFO] [2022-07-22 19:25:18] Max rows per query (this site): 300
[INFO] [2022-07-22 19:25:18] Checking if backup dir is writable...
[INFO] [2022-07-22 19:25:18] Initializing custom error handler
[SUCCESS] [2022-07-22 19:25:18] Yup it is writable...
[STEP] [2022-07-22 19:25:18] Scanning files...
[STEP] [2022-07-22 19:25:19] Checking free space, reserving...
[INFO] [2022-07-22 19:25:19] Requires at least 14822882 bytes. [14.14 MB]
[INFO] [2022-07-22 19:25:19] Disk free space function is not disabled - using it...
[INFO] [2022-07-22 19:25:19] Checking this path/partition: C:\laragon\www\complete\wp-content\backup-migration-Tcx8vEZP04\backups
[SUCCESS] [2022-07-22 19:25:19] There is 72,564.77 MB free. [70.86 GB]
[SUCCESS] [2022-07-22 19:25:19] Great! We have enough space.
[SUCCESS] [2022-07-22 19:25:19] Confirmed, there is more than enough space, checked: 14822882 bytes
[INFO] [2022-07-22 19:25:19] Scanning done - found 414 files...
[SUCCESS] [2022-07-22 19:25:19] Backup initialized...
[STEP] [2022-07-22 19:25:19] Initializing archiving system...
[SUCCESS] [2022-07-22 19:25:19] Archive system initialized...
[STEP] [2022-07-22 19:25:19] Preparing map of files...
[SUCCESS] [2022-07-22 19:25:19] Files prepared.
[INFO] [2022-07-22 19:25:19] Starting compression process...
[STEP] [2022-07-22 19:25:19] Smart memory calculation...
[INFO] [2022-07-22 19:25:19] There is 512 MBs of memory to use
[INFO] [2022-07-22 19:25:19] WordPress memory limit: 512 MBs
[SUCCESS] [2022-07-22 19:25:19] Setting the safe limit to 115 MB
[STEP] [2022-07-22 19:25:19] Making database backup (using V2 engine, requires at least v1.1.0 to restore)
[INFO] [2022-07-22 19:25:19] Iterating database...
[INFO] [2022-07-22 19:25:19] Memory usage after initialization: 28.55 MB
[INFO] [2022-07-22 19:25:19] Scan found 12 tables (181 rows), estimated total size: 2.09 MB.
[INFO] [2022-07-22 19:25:19] Memory usage after getting table names: 28.55 MB 
[INFO] [2022-07-22 19:25:19] Getting table recipes...
[INFO] [2022-07-22 19:25:19] Table recipes have been exported.
[INFO] [2022-07-22 19:25:19] Memory usage after loading recipes: 28.57 MB 
[INFO] [2022-07-22 19:25:19] Saving recipes...
[INFO] [2022-07-22 19:25:19] Recipes saved.
[INFO] [2022-07-22 19:25:19] Memory usage after recipe off-load: 28.56 MB
[INFO] [2022-07-22 19:25:19] Exporting table data...
[INFO] [2022-07-22 19:25:19] Getting data of table: wp_commentmeta (0.05 MB)
[INFO] [2022-07-22 19:25:19] Table: wp_commentmeta cloned, operation took: 0.00118 ms
[INFO] [2022-07-22 19:25:19] Getting data of table: wp_comments (0.09 MB)
[INFO] [2022-07-22 19:25:19] Table: wp_comments cloned, operation took: 0.00253 ms
[INFO] [2022-07-22 19:25:19] Getting data of table: wp_links (0.03 MB)
[INFO] [2022-07-22 19:25:19] Table: wp_links cloned, operation took: 0.00119 ms
[INFO] [2022-07-22 19:25:19] Getting data of table: wp_options (1.50 MB)
[INFO] [2022-07-22 19:25:19] Table: wp_options cloned, operation took: 0.03372 ms
[INFO] [2022-07-22 19:25:19] Getting data of table: wp_postmeta (0.05 MB)
[INFO] [2022-07-22 19:25:19] Table: wp_postmeta cloned, operation took: 0.00242 ms
[INFO] [2022-07-22 19:25:19] Getting data of table: wp_posts (0.08 MB)
[INFO] [2022-07-22 19:25:19] Table: wp_posts cloned, operation took: 0.00335 ms
[INFO] [2022-07-22 19:25:19] Getting data of table: wp_term_relationships (0.03 MB)
[INFO] [2022-07-22 19:25:19] Table: wp_term_relationships cloned, operation took: 0.00220 ms
[INFO] [2022-07-22 19:25:19] Getting data of table: wp_term_taxonomy (0.05 MB)
[INFO] [2022-07-22 19:25:19] Table: wp_term_taxonomy cloned, operation took: 0.00278 ms
[INFO] [2022-07-22 19:25:19] Getting data of table: wp_termmeta (0.05 MB)
[INFO] [2022-07-22 19:25:19] Table: wp_termmeta cloned, operation took: 0.00170 ms
[INFO] [2022-07-22 19:25:19] Getting data of table: wp_terms (0.05 MB)
[INFO] [2022-07-22 19:25:19] Table: wp_terms cloned, operation took: 0.00249 ms
[INFO] [2022-07-22 19:25:19] Getting data of table: wp_usermeta (0.05 MB)
[INFO] [2022-07-22 19:25:19] Table: wp_usermeta cloned, operation took: 0.00284 ms
[INFO] [2022-07-22 19:25:19] Getting data of table: wp_users (0.06 MB)
[INFO] [2022-07-22 19:25:19] Table: wp_users cloned, operation took: 0.00245 ms
[INFO] [2022-07-22 19:25:19] Table data exported.
[INFO] [2022-07-22 19:25:19] Memory usage after data export: 28.54 MB
[INFO] [2022-07-22 19:25:19] Entire process took: 0.1429 s
[SUCCESS] [2022-07-22 19:25:19] Database backup finished
[STEP] [2022-07-22 19:25:19] Making archive
[INFO] [2022-07-22 19:25:19] Compressing...
[INFO] [2022-07-22 19:25:19] Using PclZip module to create the backup
[INFO] [2022-07-22 19:25:19] Legacy setting: Using default modules depending on user server
[WARN] [2022-07-22 19:25:19] Backup will run as single-request, may be unstable...
[INFO] [2022-07-22 19:25:19] Chunks contain 250 files.
[INFO] [2022-07-22 19:25:19] Milestone: 414/414
[SUCCESS] [2022-07-22 19:25:19] Compressed 414 files
[INFO] [2022-07-22 19:25:19] Archiving of 414 files took: 0.89s
[STEP] [2022-07-22 19:25:19] Finalizing backup
[INFO] [2022-07-22 19:25:20] Adding manifest...
[STEP] [2022-07-22 19:25:20] Closing files and archives
[END-CODE] [2022-07-22 19:25:20] #001
